[09:04:55] [ServerMain/INFO]: Environment: authHost='https://authserver.mojang.com', accountsHost='https://api.mojang.com', sessionHost='https://sessionserver.mojang.com', servicesHost='https://api.minecraftservices.com', name='PROD'
[09:04:56] [ServerMain/INFO]: Reloading ResourceManager: Default, bukkit
[09:04:57] [Worker-Main-20/INFO]: Loaded 7 recipes
[09:04:58] [Server thread/INFO]: Starting minecraft server version 1.18
[09:04:58] [Server thread/INFO]: Loading properties
[09:04:59] [Server thread/INFO]: This server is running CraftBukkit version 3355-Spigot-dbf4938-3c2af1b (MC: 1.18) (Implementing API version 1.18-R0.1-SNAPSHOT)
[09:04:59] [Server thread/INFO]: Debug logging is disabled
[09:04:59] [Server thread/INFO]: Server Ping Player Sample Count: 12
[09:04:59] [Server thread/INFO]: Using 4 threads for Netty based IO
[09:04:59] [Server thread/INFO]: Default game type: SURVIVAL
[09:04:59] [Server thread/INFO]: Generating keypair
[09:04:59] [Server thread/INFO]: Starting Minecraft server on *:25565
[09:04:59] [Server thread/INFO]: Using default channel type
[09:05:00] [Server thread/INFO]: [DiscordBotPlugin] Loading DiscordBotPlugin v1.0-SNAPSHOT
[09:05:00] [Server thread/WARN]: **** SERVER IS RUNNING IN OFFLINE/INSECURE MODE!
[09:05:00] [Server thread/WARN]: The server will make no attempt to authenticate usernames. Beware.
[09:05:00] [Server thread/WARN]: While this makes the game possible to play without internet access, it also opens up the ability for hackers to connect with any username they choose.
[09:05:00] [Server thread/WARN]: To change this, set "online-mode" to "true" in the server.properties file.
[09:05:00] [Server thread/INFO]: Preparing level "world"
[09:05:00] [Server thread/INFO]: -------- World Settings For [world] --------
[09:05:00] [Server thread/INFO]: Item Despawn Rate: 6000
[09:05:00] [Server thread/INFO]: Item Merge Radius: 2.5
[09:05:00] [Server thread/INFO]: View Distance: 10
[09:05:00] [Server thread/INFO]: Simulation Distance: 10
[09:05:00] [Server thread/INFO]: Allow Zombie Pigmen to spawn from portal blocks: true
[09:05:00] [Server thread/INFO]: Nerfing mobs spawned from spawners: false
[09:05:00] [Server thread/INFO]: Cactus Growth Modifier: 100%
[09:05:00] [Server thread/INFO]: Cane Growth Modifier: 100%
[09:05:00] [Server thread/INFO]: Melon Growth Modifier: 100%
[09:05:00] [Server thread/INFO]: Mushroom Growth Modifier: 100%
[09:05:00] [Server thread/INFO]: Pumpkin Growth Modifier: 100%
[09:05:00] [Server thread/INFO]: Sapling Growth Modifier: 100%
[09:05:00] [Server thread/INFO]: Beetroot Growth Modifier: 100%
[09:05:00] [Server thread/INFO]: Carrot Growth Modifier: 100%
[09:05:00] [Server thread/INFO]: Potato Growth Modifier: 100%
[09:05:00] [Server thread/INFO]: Wheat Growth Modifier: 100%
[09:05:00] [Server thread/INFO]: NetherWart Growth Modifier: 100%
[09:05:00] [Server thread/INFO]: Vine Growth Modifier: 100%
[09:05:00] [Server thread/INFO]: Cocoa Growth Modifier: 100%
[09:05:00] [Server thread/INFO]: Bamboo Growth Modifier: 100%
[09:05:00] [Server thread/INFO]: SweetBerry Growth Modifier: 100%
[09:05:00] [Server thread/INFO]: Kelp Growth Modifier: 100%
[09:05:00] [Server thread/INFO]: Experience Merge Radius: 3.0
[09:05:00] [Server thread/INFO]: Mob Spawn Range: 6
[09:05:00] [Server thread/INFO]: Entity Tracking Range: Pl 48 / An 48 / Mo 48 / Mi 32 / Other 64
[09:05:00] [Server thread/INFO]: Entity Activation Range: An 32 / Mo 32 / Ra 48 / Mi 16 / Tiv true
[09:05:00] [Server thread/INFO]: Custom Map Seeds:  Village: 10387312 Desert: 14357617 Igloo: 14357618 Jungle: 14357619 Swamp: 14357620 Monument: 10387313 Ocean: 14357621 Shipwreck: 165745295 End City: 10387313 Slime: 987234911 Bastion: 30084232 Fortress: 30084232 Mansion: 10387319 Fossil: 14357921 Portal: 34222645
[09:05:00] [Server thread/INFO]: Hopper Transfer: 8 Hopper Check: 1 Hopper Amount: 1
[09:05:00] [Server thread/INFO]: Max TNT Explosions: 100
[09:05:00] [Server thread/INFO]: Tile Max Tick Time: 50ms Entity max Tick Time: 50ms
[09:05:00] [Server thread/INFO]: Zombie Aggressive Towards Villager: true
[09:05:00] [Server thread/INFO]: Arrow Despawn Rate: 1200 Trident Respawn Rate:1200
[09:05:01] [Server thread/INFO]: -------- World Settings For [world_nether] --------
[09:05:01] [Server thread/INFO]: Item Despawn Rate: 6000
[09:05:01] [Server thread/INFO]: Item Merge Radius: 2.5
[09:05:01] [Server thread/INFO]: View Distance: 10
[09:05:01] [Server thread/INFO]: Simulation Distance: 10
[09:05:01] [Server thread/INFO]: Allow Zombie Pigmen to spawn from portal blocks: true
[09:05:01] [Server thread/INFO]: Nerfing mobs spawned from spawners: false
[09:05:01] [Server thread/INFO]: Cactus Growth Modifier: 100%
[09:05:01] [Server thread/INFO]: Cane Growth Modifier: 100%
[09:05:01] [Server thread/INFO]: Melon Growth Modifier: 100%
[09:05:01] [Server thread/INFO]: Mushroom Growth Modifier: 100%
[09:05:01] [Server thread/INFO]: Pumpkin Growth Modifier: 100%
[09:05:01] [Server thread/INFO]: Sapling Growth Modifier: 100%
[09:05:01] [Server thread/INFO]: Beetroot Growth Modifier: 100%
[09:05:01] [Server thread/INFO]: Carrot Growth Modifier: 100%
[09:05:01] [Server thread/INFO]: Potato Growth Modifier: 100%
[09:05:01] [Server thread/INFO]: Wheat Growth Modifier: 100%
[09:05:01] [Server thread/INFO]: NetherWart Growth Modifier: 100%
[09:05:01] [Server thread/INFO]: Vine Growth Modifier: 100%
[09:05:01] [Server thread/INFO]: Cocoa Growth Modifier: 100%
[09:05:01] [Server thread/INFO]: Bamboo Growth Modifier: 100%
[09:05:01] [Server thread/INFO]: SweetBerry Growth Modifier: 100%
[09:05:01] [Server thread/INFO]: Kelp Growth Modifier: 100%
[09:05:01] [Server thread/INFO]: Experience Merge Radius: 3.0
[09:05:01] [Server thread/INFO]: Mob Spawn Range: 6
[09:05:01] [Server thread/INFO]: Entity Tracking Range: Pl 48 / An 48 / Mo 48 / Mi 32 / Other 64
[09:05:01] [Server thread/INFO]: Entity Activation Range: An 32 / Mo 32 / Ra 48 / Mi 16 / Tiv true
[09:05:01] [Server thread/INFO]: Custom Map Seeds:  Village: 10387312 Desert: 14357617 Igloo: 14357618 Jungle: 14357619 Swamp: 14357620 Monument: 10387313 Ocean: 14357621 Shipwreck: 165745295 End City: 10387313 Slime: 987234911 Bastion: 30084232 Fortress: 30084232 Mansion: 10387319 Fossil: 14357921 Portal: 34222645
[09:05:01] [Server thread/INFO]: Hopper Transfer: 8 Hopper Check: 1 Hopper Amount: 1
[09:05:01] [Server thread/INFO]: Max TNT Explosions: 100
[09:05:01] [Server thread/INFO]: Tile Max Tick Time: 50ms Entity max Tick Time: 50ms
[09:05:01] [Server thread/INFO]: Zombie Aggressive Towards Villager: true
[09:05:01] [Server thread/INFO]: Arrow Despawn Rate: 1200 Trident Respawn Rate:1200
[09:05:01] [Server thread/INFO]: -------- World Settings For [world_the_end] --------
[09:05:01] [Server thread/INFO]: Item Despawn Rate: 6000
[09:05:01] [Server thread/INFO]: Item Merge Radius: 2.5
[09:05:01] [Server thread/INFO]: View Distance: 10
[09:05:01] [Server thread/INFO]: Simulation Distance: 10
[09:05:01] [Server thread/INFO]: Allow Zombie Pigmen to spawn from portal blocks: true
[09:05:01] [Server thread/INFO]: Nerfing mobs spawned from spawners: false
[09:05:01] [Server thread/INFO]: Cactus Growth Modifier: 100%
[09:05:01] [Server thread/INFO]: Cane Growth Modifier: 100%
[09:05:01] [Server thread/INFO]: Melon Growth Modifier: 100%
[09:05:01] [Server thread/INFO]: Mushroom Growth Modifier: 100%
[09:05:01] [Server thread/INFO]: Pumpkin Growth Modifier: 100%
[09:05:01] [Server thread/INFO]: Sapling Growth Modifier: 100%
[09:05:01] [Server thread/INFO]: Beetroot Growth Modifier: 100%
[09:05:01] [Server thread/INFO]: Carrot Growth Modifier: 100%
[09:05:01] [Server thread/INFO]: Potato Growth Modifier: 100%
[09:05:01] [Server thread/INFO]: Wheat Growth Modifier: 100%
[09:05:01] [Server thread/INFO]: NetherWart Growth Modifier: 100%
[09:05:01] [Server thread/INFO]: Vine Growth Modifier: 100%
[09:05:01] [Server thread/INFO]: Cocoa Growth Modifier: 100%
[09:05:01] [Server thread/INFO]: Bamboo Growth Modifier: 100%
[09:05:01] [Server thread/INFO]: SweetBerry Growth Modifier: 100%
[09:05:01] [Server thread/INFO]: Kelp Growth Modifier: 100%
[09:05:01] [Server thread/INFO]: Experience Merge Radius: 3.0
[09:05:01] [Server thread/INFO]: Mob Spawn Range: 6
[09:05:01] [Server thread/INFO]: Entity Tracking Range: Pl 48 / An 48 / Mo 48 / Mi 32 / Other 64
[09:05:01] [Server thread/INFO]: Entity Activation Range: An 32 / Mo 32 / Ra 48 / Mi 16 / Tiv true
[09:05:01] [Server thread/INFO]: Custom Map Seeds:  Village: 10387312 Desert: 14357617 Igloo: 14357618 Jungle: 14357619 Swamp: 14357620 Monument: 10387313 Ocean: 14357621 Shipwreck: 165745295 End City: 10387313 Slime: 987234911 Bastion: 30084232 Fortress: 30084232 Mansion: 10387319 Fossil: 14357921 Portal: 34222645
[09:05:01] [Server thread/INFO]: Hopper Transfer: 8 Hopper Check: 1 Hopper Amount: 1
[09:05:01] [Server thread/INFO]: Max TNT Explosions: 100
[09:05:01] [Server thread/INFO]: Tile Max Tick Time: 50ms Entity max Tick Time: 50ms
[09:05:01] [Server thread/INFO]: Zombie Aggressive Towards Villager: true
[09:05:01] [Server thread/INFO]: Arrow Despawn Rate: 1200 Trident Respawn Rate:1200
[09:05:01] [Server thread/INFO]: Preparing start region for dimension minecraft:overworld
[09:05:02] [Worker-Main-19/INFO]: Preparing spawn area: 0%
[09:05:02] [Worker-Main-15/INFO]: Preparing spawn area: 0%
[09:05:02] [Worker-Main-15/INFO]: Preparing spawn area: 0%
[09:05:05] [Worker-Main-13/INFO]: Preparing spawn area: 0%
[09:05:05] [Worker-Main-17/INFO]: Preparing spawn area: 0%
[09:05:05] [Worker-Main-13/INFO]: Preparing spawn area: 0%
[09:05:05] [Worker-Main-17/INFO]: Preparing spawn area: 0%
[09:05:05] [Worker-Main-20/INFO]: Preparing spawn area: 0%
[09:05:05] [Worker-Main-13/INFO]: Preparing spawn area: 0%
[09:05:05] [Worker-Main-17/INFO]: Preparing spawn area: 0%
[09:05:06] [Worker-Main-14/INFO]: Preparing spawn area: 4%
[09:05:06] [Worker-Main-22/INFO]: Preparing spawn area: 17%
[09:05:07] [Worker-Main-22/INFO]: Preparing spawn area: 23%
[09:05:07] [Worker-Main-13/INFO]: Preparing spawn area: 35%
[09:05:08] [Worker-Main-18/INFO]: Preparing spawn area: 59%
[09:05:08] [Worker-Main-22/INFO]: Preparing spawn area: 72%
[09:05:09] [Worker-Main-20/INFO]: Preparing spawn area: 85%
[09:05:09] [Worker-Main-18/INFO]: Preparing spawn area: 85%
[09:05:10] [Worker-Main-14/INFO]: Preparing spawn area: 91%
[09:05:10] [Server thread/INFO]: Time elapsed: 9477 ms
[09:05:10] [Server thread/INFO]: Preparing start region for dimension minecraft:the_nether
[09:05:11] [Worker-Main-21/INFO]: Preparing spawn area: 0%
[09:05:11] [Worker-Main-21/INFO]: Preparing spawn area: 0%
[09:05:11] [Worker-Main-16/INFO]: Preparing spawn area: 0%
[09:05:12] [Worker-Main-16/INFO]: Preparing spawn area: 1%
[09:05:12] [Worker-Main-17/INFO]: Preparing spawn area: 3%
[09:05:13] [Worker-Main-12/INFO]: Preparing spawn area: 4%
[09:05:13] [Worker-Main-12/INFO]: Preparing spawn area: 39%
[09:05:14] [Worker-Main-14/INFO]: Preparing spawn area: 62%
[09:05:14] [Worker-Main-17/INFO]: Preparing spawn area: 73%
[09:05:15] [Worker-Main-13/INFO]: Preparing spawn area: 85%
[09:05:15] [Worker-Main-13/INFO]: Preparing spawn area: 90%
[09:05:16] [Server thread/INFO]: Time elapsed: 5464 ms
[09:05:16] [Server thread/INFO]: Preparing start region for dimension minecraft:the_end
[09:05:16] [Worker-Main-21/INFO]: Preparing spawn area: 0%
[09:05:16] [Worker-Main-14/INFO]: Preparing spawn area: 0%
[09:05:17] [Worker-Main-16/INFO]: Preparing spawn area: 0%
[09:05:17] [Worker-Main-15/INFO]: Preparing spawn area: 22%
[09:05:18] [Worker-Main-19/INFO]: Preparing spawn area: 51%
[09:05:18] [Worker-Main-21/INFO]: Preparing spawn area: 80%
[09:05:19] [Server thread/INFO]: Time elapsed: 2687 ms
[09:05:19] [Server thread/INFO]: [DiscordBotPlugin] Enabling DiscordBotPlugin v1.0-SNAPSHOT
[09:05:19] [Server thread/INFO]: [DiscordBotPlugin]  Server started on port 8001
[09:05:19] [Server thread/INFO]: Server permissions file permissions.yml is empty, ignoring it
[09:05:19] [Server thread/INFO]: Done (18.748s)! For help, type "help"
[09:06:12] [User Authenticator #1/INFO]: UUID of player Gamer1 is 580dc921-7c67-3d1e-a8fc-b851dfb151f8
[09:06:12] [Server thread/INFO]: Gamer1[/127.0.0.1:50596] logged in with entity id 130 at ([world]24.075619572164978, 92.0, -10.699999988079071)
[09:06:26] [Server thread/INFO]: Gamer1 fell from a high place
[09:08:10] [HTTP-Dispatcher/INFO]: [DiscordBotPlugin] Message specific player request
[09:09:46] [Server thread/INFO]: Gamer1 lost connection: Disconnected
[09:09:46] [Server thread/INFO]: Gamer1 left the game
